# JRE version: OpenJDK Runtime Environment (8.0_242-b01) (build 1.8.0_242-release-1644-b01)
# Java VM: OpenJDK 64-Bit Server VM (25.242-b01 mixed mode windows-amd64 compressed oops)
Heap:
 PSYoungGen      total 144384K, used 82465K [0x00000000eab00000, 0x00000000f4f80000, 0x0000000100000000)
  eden space 131584K, 53% used [0x00000000eab00000,0x00000000eef46f78,0x00000000f2b80000)
  from space 12800K, 98% used [0x00000000f4300000,0x00000000f4f414e0,0x00000000f4f80000)
  to   space 14336K, 0% used [0x00000000f3380000,0x00000000f3380000,0x00000000f4180000)
 ParOldGen       total 92672K, used 17887K [0x00000000c0000000, 0x00000000c5a80000, 0x00000000eab00000)
  object space 92672K, 19% used [0x00000000c0000000,0x00000000c1177d50,0x00000000c5a80000)
 Metaspace       used 48299K, capacity 49858K, committed 49960K, reserved 1091584K
  class space    used 6466K, capacity 6910K, committed 6952K, reserved 1048576K
GC Heap History (10 events):
Event: 6.130 GC heap before
{Heap before GC invocations=8 (full 1):
 PSYoungGen      total 75264K, used 65024K [0x00000000eab00000, 0x00000000f0300000, 0x0000000100000000)
  eden space 65024K, 100% used [0x00000000eab00000,0x00000000eea80000,0x00000000eea80000)
  from space 10240K, 0% used [0x00000000ef600000,0x00000000ef600000,0x00000000f0000000)
  to   space 11776K, 0% used [0x00000000eea80000,0x00000000eea80000,0x00000000ef600000)
 ParOldGen       total 59904K, used 9751K [0x00000000c0000000, 0x00000000c3a80000, 0x00000000eab00000)
  object space 59904K, 16% used [0x00000000c0000000,0x00000000c0985f78,0x00000000c3a80000)
 Metaspace       used 29157K, capacity 29776K, committed 30080K, reserved 1075200K
  class space    used 3928K, capacity 4145K, committed 4224K, reserved 1048576K
Event: 6.142 GC heap after
Heap after GC invocations=8 (full 1):
 PSYoungGen      total 76800K, used 8012K [0x00000000eab00000, 0x00000000f2700000, 0x0000000100000000)
  eden space 65024K, 0% used [0x00000000eab00000,0x00000000eab00000,0x00000000eea80000)
  from space 11776K, 68% used [0x00000000eea80000,0x00000000ef253340,0x00000000ef600000)
  to   space 11776K, 0% used [0x00000000f1b80000,0x00000000f1b80000,0x00000000f2700000)
 ParOldGen       total 59904K, used 9759K [0x00000000c0000000, 0x00000000c3a80000, 0x00000000eab00000)
  object space 59904K, 16% used [0x00000000c0000000,0x00000000c0987f78,0x00000000c3a80000)
 Metaspace       used 29157K, capacity 29776K, committed 30080K, reserved 1075200K
  class space    used 3928K, capacity 4145K, committed 4224K, reserved 1048576K
}
Event: 6.910 GC heap before
{Heap before GC invocations=9 (full 1):
 PSYoungGen      total 76800K, used 73036K [0x00000000eab00000, 0x00000000f2700000, 0x0000000100000000)
  eden space 65024K, 100% used [0x00000000eab00000,0x00000000eea80000,0x00000000eea80000)
  from space 11776K, 68% used [0x00000000eea80000,0x00000000ef253340,0x00000000ef600000)
  to   space 11776K, 0% used [0x00000000f1b80000,0x00000000f1b80000,0x00000000f2700000)
 ParOldGen       total 59904K, used 9759K [0x00000000c0000000, 0x00000000c3a80000, 0x00000000eab00000)
  object space 59904K, 16% used [0x00000000c0000000,0x00000000c0987f78,0x00000000c3a80000)
 Metaspace       used 31934K, capacity 32628K, committed 32768K, reserved 1077248K
  class space    used 4375K, capacity 4605K, committed 4608K, reserved 1048576K
Event: 6.931 GC heap after
Heap after GC invocations=9 (full 1):
 PSYoungGen      total 115200K, used 8258K [0x00000000eab00000, 0x00000000f2900000, 0x0000000100000000)
  eden space 103424K, 0% used [0x00000000eab00000,0x00000000eab00000,0x00000000f1000000)
  from space 11776K, 70% used [0x00000000f1b80000,0x00000000f2390810,0x00000000f2700000)
  to   space 11776K, 0% used [0x00000000f1000000,0x00000000f1000000,0x00000000f1b80000)
 ParOldGen       total 59904K, used 9767K [0x00000000c0000000, 0x00000000c3a80000, 0x00000000eab00000)
  object space 59904K, 16% used [0x00000000c0000000,0x00000000c0989f78,0x00000000c3a80000)
 Metaspace       used 31934K, capacity 32628K, committed 32768K, reserved 1077248K
  class space    used 4375K, capacity 4605K, committed 4608K, reserved 1048576K
}
Event: 7.905 GC heap before
{Heap before GC invocations=10 (full 1):
 PSYoungGen      total 115200K, used 68250K [0x00000000eab00000, 0x00000000f2900000, 0x0000000100000000)
  eden space 103424K, 58% used [0x00000000eab00000,0x00000000ee596080,0x00000000f1000000)
  from space 11776K, 70% used [0x00000000f1b80000,0x00000000f2390810,0x00000000f2700000)
  to   space 11776K, 0% used [0x00000000f1000000,0x00000000f1000000,0x00000000f1b80000)
 ParOldGen       total 59904K, used 9767K [0x00000000c0000000, 0x00000000c3a80000, 0x00000000eab00000)
  object space 59904K, 16% used [0x00000000c0000000,0x00000000c0989f78,0x00000000c3a80000)
 Metaspace       used 34561K, capacity 35434K, committed 35496K, reserved 1079296K
  class space    used 4732K, capacity 4994K, committed 5032K, reserved 1048576K
Event: 7.928 GC heap after
Heap after GC invocations=10 (full 1):
 PSYoungGen      total 115200K, used 10902K [0x00000000eab00000, 0x00000000f4f80000, 0x0000000100000000)
  eden space 103424K, 0% used [0x00000000eab00000,0x00000000eab00000,0x00000000f1000000)
  from space 11776K, 92% used [0x00000000f1000000,0x00000000f1aa5ac0,0x00000000f1b80000)
  to   space 12800K, 0% used [0x00000000f4300000,0x00000000f4300000,0x00000000f4f80000)
 ParOldGen       total 59904K, used 9775K [0x00000000c0000000, 0x00000000c3a80000, 0x00000000eab00000)
  object space 59904K, 16% used [0x00000000c0000000,0x00000000c098bf78,0x00000000c3a80000)
 Metaspace       used 34561K, capacity 35434K, committed 35496K, reserved 1079296K
  class space    used 4732K, capacity 4994K, committed 5032K, reserved 1048576K
}
Event: 7.928 GC heap before
{Heap before GC invocations=11 (full 2):
 PSYoungGen      total 115200K, used 10902K [0x00000000eab00000, 0x00000000f4f80000, 0x0000000100000000)
  eden space 103424K, 0% used [0x00000000eab00000,0x00000000eab00000,0x00000000f1000000)
  from space 11776K, 92% used [0x00000000f1000000,0x00000000f1aa5ac0,0x00000000f1b80000)
  to   space 12800K, 0% used [0x00000000f4300000,0x00000000f4300000,0x00000000f4f80000)
 ParOldGen       total 59904K, used 9775K [0x00000000c0000000, 0x00000000c3a80000, 0x00000000eab00000)
  object space 59904K, 16% used [0x00000000c0000000,0x00000000c098bf78,0x00000000c3a80000)
 Metaspace       used 34561K, capacity 35434K, committed 35496K, reserved 1079296K
  class space    used 4732K, capacity 4994K, committed 5032K, reserved 1048576K
Event: 8.037 GC heap after
Heap after GC invocations=11 (full 2):
 PSYoungGen      total 115200K, used 0K [0x00000000eab00000, 0x00000000f4f80000, 0x0000000100000000)
  eden space 103424K, 0% used [0x00000000eab00000,0x00000000eab00000,0x00000000f1000000)
  from space 11776K, 0% used [0x00000000f1000000,0x00000000f1000000,0x00000000f1b80000)
  to   space 12800K, 0% used [0x00000000f4300000,0x00000000f4300000,0x00000000f4f80000)
 ParOldGen       total 92672K, used 17887K [0x00000000c0000000, 0x00000000c5a80000, 0x00000000eab00000)
  object space 92672K, 19% used [0x00000000c0000000,0x00000000c1177d50,0x00000000c5a80000)
 Metaspace       used 34561K, capacity 35434K, committed 35496K, reserved 1079296K
  class space    used 4732K, capacity 4994K, committed 5032K, reserved 1048576K
}
Event: 9.947 GC heap before
{Heap before GC invocations=12 (full 2):
 PSYoungGen      total 115200K, used 103424K [0x00000000eab00000, 0x00000000f4f80000, 0x0000000100000000)
  eden space 103424K, 100% used [0x00000000eab00000,0x00000000f1000000,0x00000000f1000000)
  from space 11776K, 0% used [0x00000000f1000000,0x00000000f1000000,0x00000000f1b80000)
  to   space 12800K, 0% used [0x00000000f4300000,0x00000000f4300000,0x00000000f4f80000)
 ParOldGen       total 92672K, used 17887K [0x00000000c0000000, 0x00000000c5a80000, 0x00000000eab00000)
  object space 92672K, 19% used [0x00000000c0000000,0x00000000c1177d50,0x00000000c5a80000)
 Metaspace       used 43258K, capacity 44716K, committed 44968K, reserved 1087488K
  class space    used 5853K, capacity 6231K, committed 6312K, reserved 1048576K
Event: 9.979 GC heap after
Heap after GC invocations=12 (full 2):
 PSYoungGen      total 144384K, used 12549K [0x00000000eab00000, 0x00000000f4f80000, 0x0000000100000000)
  eden space 131584K, 0% used [0x00000000eab00000,0x00000000eab00000,0x00000000f2b80000)
  from space 12800K, 98% used [0x00000000f4300000,0x00000000f4f414e0,0x00000000f4f80000)
  to   space 14336K, 0% used [0x00000000f3380000,0x00000000f3380000,0x00000000f4180000)
 ParOldGen       total 92672K, used 17887K [0x00000000c0000000, 0x00000000c5a80000, 0x00000000eab00000)
  object space 92672K, 19% used [0x00000000c0000000,0x00000000c1177d50,0x00000000c5a80000)
 Metaspace       used 43258K, capacity 44716K, committed 44968K, reserved 1087488K
  class space    used 5853K, capacity 6231K, committed 6312K, reserved 1048576K
}

