# JRE version: OpenJDK Runtime Environment (8.0_242-b01) (build 1.8.0_242-release-1644-b01)
# Java VM: OpenJDK 64-Bit Server VM (25.242-b01 mixed mode windows-amd64 compressed oops)
Heap:
 PSYoungGen      total 116224K, used 88246K [0x00000000e5f00000, 0x00000000f0480000, 0x0000000100000000)
  eden space 104448K, 84% used [0x00000000e5f00000,0x00000000eb52dad8,0x00000000ec500000)
  from space 11776K, 0% used [0x00000000ec500000,0x00000000ec500000,0x00000000ed080000)
  to   space 12800K, 0% used [0x00000000ef800000,0x00000000ef800000,0x00000000f0480000)
 ParOldGen       total 60416K, used 17681K [0x00000000b1c00000, 0x00000000b5700000, 0x00000000e5f00000)
  object space 60416K, 29% used [0x00000000b1c00000,0x00000000b2d446a8,0x00000000b5700000)
 Metaspace       used 41255K, capacity 42720K, committed 42920K, reserved 1085440K
  class space    used 5542K, capacity 5940K, committed 6056K, reserved 1048576K
GC Heap History (10 events):
Event: 4.911 GC heap before
{Heap before GC invocations=7 (full 1):
 PSYoungGen      total 75264K, used 9191K [0x00000000e5f00000, 0x00000000eb700000, 0x0000000100000000)
  eden space 65024K, 0% used [0x00000000e5f00000,0x00000000e5f00000,0x00000000e9e80000)
  from space 10240K, 89% used [0x00000000eaa00000,0x00000000eb2f9f80,0x00000000eb400000)
  to   space 11776K, 0% used [0x00000000e9e80000,0x00000000e9e80000,0x00000000eaa00000)
 ParOldGen       total 87552K, used 7043K [0x00000000b1c00000, 0x00000000b7180000, 0x00000000e5f00000)
  object space 87552K, 8% used [0x00000000b1c00000,0x00000000b22e0ff8,0x00000000b7180000)
 Metaspace       used 20698K, capacity 21140K, committed 21296K, reserved 1067008K
  class space    used 2986K, capacity 3162K, committed 3200K, reserved 1048576K
Event: 4.973 GC heap after
Heap after GC invocations=7 (full 1):
 PSYoungGen      total 75264K, used 0K [0x00000000e5f00000, 0x00000000eb700000, 0x0000000100000000)
  eden space 65024K, 0% used [0x00000000e5f00000,0x00000000e5f00000,0x00000000e9e80000)
  from space 10240K, 0% used [0x00000000eaa00000,0x00000000eaa00000,0x00000000eb400000)
  to   space 11776K, 0% used [0x00000000e9e80000,0x00000000e9e80000,0x00000000eaa00000)
 ParOldGen       total 60416K, used 9749K [0x00000000b1c00000, 0x00000000b5700000, 0x00000000e5f00000)
  object space 60416K, 16% used [0x00000000b1c00000,0x00000000b2585550,0x00000000b5700000)
 Metaspace       used 20698K, capacity 21140K, committed 21296K, reserved 1067008K
  class space    used 2986K, capacity 3162K, committed 3200K, reserved 1048576K
}
Event: 6.194 GC heap before
{Heap before GC invocations=8 (full 1):
 PSYoungGen      total 75264K, used 65024K [0x00000000e5f00000, 0x00000000eb700000, 0x0000000100000000)
  eden space 65024K, 100% used [0x00000000e5f00000,0x00000000e9e80000,0x00000000e9e80000)
  from space 10240K, 0% used [0x00000000eaa00000,0x00000000eaa00000,0x00000000eb400000)
  to   space 11776K, 0% used [0x00000000e9e80000,0x00000000e9e80000,0x00000000eaa00000)
 ParOldGen       total 60416K, used 9749K [0x00000000b1c00000, 0x00000000b5700000, 0x00000000e5f00000)
  object space 60416K, 16% used [0x00000000b1c00000,0x00000000b2585550,0x00000000b5700000)
 Metaspace       used 29165K, capacity 29776K, committed 30080K, reserved 1075200K
  class space    used 3929K, capacity 4145K, committed 4224K, reserved 1048576K
Event: 6.216 GC heap after
Heap after GC invocations=8 (full 1):
 PSYoungGen      total 76800K, used 7948K [0x00000000e5f00000, 0x00000000edc00000, 0x0000000100000000)
  eden space 65024K, 0% used [0x00000000e5f00000,0x00000000e5f00000,0x00000000e9e80000)
  from space 11776K, 67% used [0x00000000e9e80000,0x00000000ea643340,0x00000000eaa00000)
  to   space 11776K, 0% used [0x00000000ed080000,0x00000000ed080000,0x00000000edc00000)
 ParOldGen       total 60416K, used 9757K [0x00000000b1c00000, 0x00000000b5700000, 0x00000000e5f00000)
  object space 60416K, 16% used [0x00000000b1c00000,0x00000000b2587550,0x00000000b5700000)
 Metaspace       used 29165K, capacity 29776K, committed 30080K, reserved 1075200K
  class space    used 3929K, capacity 4145K, committed 4224K, reserved 1048576K
}
Event: 7.336 GC heap before
{Heap before GC invocations=9 (full 1):
 PSYoungGen      total 76800K, used 72972K [0x00000000e5f00000, 0x00000000edc00000, 0x0000000100000000)
  eden space 65024K, 100% used [0x00000000e5f00000,0x00000000e9e80000,0x00000000e9e80000)
  from space 11776K, 67% used [0x00000000e9e80000,0x00000000ea643340,0x00000000eaa00000)
  to   space 11776K, 0% used [0x00000000ed080000,0x00000000ed080000,0x00000000edc00000)
 ParOldGen       total 60416K, used 9757K [0x00000000b1c00000, 0x00000000b5700000, 0x00000000e5f00000)
  object space 60416K, 16% used [0x00000000b1c00000,0x00000000b2587550,0x00000000b5700000)
 Metaspace       used 31943K, capacity 32628K, committed 32768K, reserved 1077248K
  class space    used 4375K, capacity 4605K, committed 4608K, reserved 1048576K
Event: 7.365 GC heap after
Heap after GC invocations=9 (full 1):
 PSYoungGen      total 116224K, used 8210K [0x00000000e5f00000, 0x00000000edd00000, 0x0000000100000000)
  eden space 104448K, 0% used [0x00000000e5f00000,0x00000000e5f00000,0x00000000ec500000)
  from space 11776K, 69% used [0x00000000ed080000,0x00000000ed884820,0x00000000edc00000)
  to   space 11776K, 0% used [0x00000000ec500000,0x00000000ec500000,0x00000000ed080000)
 ParOldGen       total 60416K, used 9757K [0x00000000b1c00000, 0x00000000b5700000, 0x00000000e5f00000)
  object space 60416K, 16% used [0x00000000b1c00000,0x00000000b2587550,0x00000000b5700000)
 Metaspace       used 31943K, capacity 32628K, committed 32768K, reserved 1077248K
  class space    used 4375K, capacity 4605K, committed 4608K, reserved 1048576K
}
Event: 8.583 GC heap before
{Heap before GC invocations=10 (full 1):
 PSYoungGen      total 116224K, used 66971K [0x00000000e5f00000, 0x00000000edd00000, 0x0000000100000000)
  eden space 104448K, 56% used [0x00000000e5f00000,0x00000000e9862770,0x00000000ec500000)
  from space 11776K, 69% used [0x00000000ed080000,0x00000000ed884820,0x00000000edc00000)
  to   space 11776K, 0% used [0x00000000ec500000,0x00000000ec500000,0x00000000ed080000)
 ParOldGen       total 60416K, used 9757K [0x00000000b1c00000, 0x00000000b5700000, 0x00000000e5f00000)
  object space 60416K, 16% used [0x00000000b1c00000,0x00000000b2587550,0x00000000b5700000)
 Metaspace       used 34557K, capacity 35400K, committed 35496K, reserved 1079296K
  class space    used 4736K, capacity 4999K, committed 5032K, reserved 1048576K
Event: 8.608 GC heap after
Heap after GC invocations=10 (full 1):
 PSYoungGen      total 116224K, used 10806K [0x00000000e5f00000, 0x00000000f0480000, 0x0000000100000000)
  eden space 104448K, 0% used [0x00000000e5f00000,0x00000000e5f00000,0x00000000ec500000)
  from space 11776K, 91% used [0x00000000ec500000,0x00000000ecf8dac0,0x00000000ed080000)
  to   space 12800K, 0% used [0x00000000ef800000,0x00000000ef800000,0x00000000f0480000)
 ParOldGen       total 60416K, used 9765K [0x00000000b1c00000, 0x00000000b5700000, 0x00000000e5f00000)
  object space 60416K, 16% used [0x00000000b1c00000,0x00000000b2589550,0x00000000b5700000)
 Metaspace       used 34557K, capacity 35400K, committed 35496K, reserved 1079296K
  class space    used 4736K, capacity 4999K, committed 5032K, reserved 1048576K
}
Event: 8.608 GC heap before
{Heap before GC invocations=11 (full 2):
 PSYoungGen      total 116224K, used 10806K [0x00000000e5f00000, 0x00000000f0480000, 0x0000000100000000)
  eden space 104448K, 0% used [0x00000000e5f00000,0x00000000e5f00000,0x00000000ec500000)
  from space 11776K, 91% used [0x00000000ec500000,0x00000000ecf8dac0,0x00000000ed080000)
  to   space 12800K, 0% used [0x00000000ef800000,0x00000000ef800000,0x00000000f0480000)
 ParOldGen       total 60416K, used 9765K [0x00000000b1c00000, 0x00000000b5700000, 0x00000000e5f00000)
  object space 60416K, 16% used [0x00000000b1c00000,0x00000000b2589550,0x00000000b5700000)
 Metaspace       used 34557K, capacity 35400K, committed 35496K, reserved 1079296K
  class space    used 4736K, capacity 4999K, committed 5032K, reserved 1048576K
Event: 8.728 GC heap after
Heap after GC invocations=11 (full 2):
 PSYoungGen      total 116224K, used 0K [0x00000000e5f00000, 0x00000000f0480000, 0x0000000100000000)
  eden space 104448K, 0% used [0x00000000e5f00000,0x00000000e5f00000,0x00000000ec500000)
  from space 11776K, 0% used [0x00000000ec500000,0x00000000ec500000,0x00000000ed080000)
  to   space 12800K, 0% used [0x00000000ef800000,0x00000000ef800000,0x00000000f0480000)
 ParOldGen       total 60416K, used 17681K [0x00000000b1c00000, 0x00000000b5700000, 0x00000000e5f00000)
  object space 60416K, 29% used [0x00000000b1c00000,0x00000000b2d446a8,0x00000000b5700000)
 Metaspace       used 34548K, capacity 35370K, committed 35496K, reserved 1079296K
  class space    used 4733K, capacity 4994K, committed 5032K, reserved 1048576K
}

