# JRE version: OpenJDK Runtime Environment (8.0_242-b01) (build 1.8.0_242-release-1644-b01)
# Java VM: OpenJDK 64-Bit Server VM (25.242-b01 mixed mode windows-amd64 compressed oops)
Heap:
 PSYoungGen      total 140288K, used 55830K [0x00000000eab00000, 0x00000000f4680000, 0x0000000100000000)
  eden space 125952K, 36% used [0x00000000eab00000,0x00000000ed784868,0x00000000f2600000)
  from space 14336K, 71% used [0x00000000f2a80000,0x00000000f34810e0,0x00000000f3880000)
  to   space 12288K, 0% used [0x00000000f3a80000,0x00000000f3a80000,0x00000000f4680000)
 ParOldGen       total 96256K, used 34677K [0x00000000c0000000, 0x00000000c5e00000, 0x00000000eab00000)
  object space 96256K, 36% used [0x00000000c0000000,0x00000000c21dd718,0x00000000c5e00000)
 Metaspace       used 64653K, capacity 67085K, committed 67456K, reserved 1107968K
  class space    used 8652K, capacity 9243K, committed 9344K, reserved 1048576K
GC Heap History (10 events):
Event: 19.838 GC heap before
{Heap before GC invocations=12 (full 2):
 PSYoungGen      total 112128K, used 100352K [0x00000000eab00000, 0x00000000f4780000, 0x0000000100000000)
  eden space 100352K, 100% used [0x00000000eab00000,0x00000000f0d00000,0x00000000f0d00000)
  from space 11776K, 0% used [0x00000000f0d00000,0x00000000f0d00000,0x00000000f1880000)
  to   space 13312K, 0% used [0x00000000f3a80000,0x00000000f3a80000,0x00000000f4780000)
 ParOldGen       total 96256K, used 18972K [0x00000000c0000000, 0x00000000c5e00000, 0x00000000eab00000)
  object space 96256K, 19% used [0x00000000c0000000,0x00000000c1287390,0x00000000c5e00000)
 Metaspace       used 44147K, capacity 45466K, committed 45696K, reserved 1089536K
  class space    used 5854K, capacity 6244K, committed 6272K, reserved 1048576K
Event: 19.856 GC heap after
Heap after GC invocations=12 (full 2):
 PSYoungGen      total 138240K, used 11939K [0x00000000eab00000, 0x00000000f4680000, 0x0000000100000000)
  eden space 125952K, 0% used [0x00000000eab00000,0x00000000eab00000,0x00000000f2600000)
  from space 12288K, 97% used [0x00000000f3a80000,0x00000000f4628ef8,0x00000000f4680000)
  to   space 14336K, 0% used [0x00000000f2a80000,0x00000000f2a80000,0x00000000f3880000)
 ParOldGen       total 96256K, used 19044K [0x00000000c0000000, 0x00000000c5e00000, 0x00000000eab00000)
  object space 96256K, 19% used [0x00000000c0000000,0x00000000c12993a0,0x00000000c5e00000)
 Metaspace       used 44147K, capacity 45466K, committed 45696K, reserved 1089536K
  class space    used 5854K, capacity 6244K, committed 6272K, reserved 1048576K
}
Event: 24.155 GC heap before
{Heap before GC invocations=13 (full 2):
 PSYoungGen      total 138240K, used 137891K [0x00000000eab00000, 0x00000000f4680000, 0x0000000100000000)
  eden space 125952K, 100% used [0x00000000eab00000,0x00000000f2600000,0x00000000f2600000)
  from space 12288K, 97% used [0x00000000f3a80000,0x00000000f4628ef8,0x00000000f4680000)
  to   space 14336K, 0% used [0x00000000f2a80000,0x00000000f2a80000,0x00000000f3880000)
 ParOldGen       total 96256K, used 19044K [0x00000000c0000000, 0x00000000c5e00000, 0x00000000eab00000)
  object space 96256K, 19% used [0x00000000c0000000,0x00000000c12993a0,0x00000000c5e00000)
 Metaspace       used 55388K, capacity 57136K, committed 57216K, reserved 1099776K
  class space    used 7264K, capacity 7764K, committed 7808K, reserved 1048576K
Event: 24.201 GC heap after
Heap after GC invocations=13 (full 2):
 PSYoungGen      total 140288K, used 14334K [0x00000000eab00000, 0x00000000f4680000, 0x0000000100000000)
  eden space 125952K, 0% used [0x00000000eab00000,0x00000000eab00000,0x00000000f2600000)
  from space 14336K, 99% used [0x00000000f2a80000,0x00000000f387f8c8,0x00000000f3880000)
  to   space 12288K, 0% used [0x00000000f3a80000,0x00000000f3a80000,0x00000000f4680000)
 ParOldGen       total 96256K, used 27720K [0x00000000c0000000, 0x00000000c5e00000, 0x00000000eab00000)
  object space 96256K, 28% used [0x00000000c0000000,0x00000000c1b12288,0x00000000c5e00000)
 Metaspace       used 55388K, capacity 57136K, committed 57216K, reserved 1099776K
  class space    used 7264K, capacity 7764K, committed 7808K, reserved 1048576K
}
Event: 25.031 GC heap before
{Heap before GC invocations=14 (full 2):
 PSYoungGen      total 140288K, used 57885K [0x00000000eab00000, 0x00000000f4680000, 0x0000000100000000)
  eden space 125952K, 34% used [0x00000000eab00000,0x00000000ed587c80,0x00000000f2600000)
  from space 14336K, 99% used [0x00000000f2a80000,0x00000000f387f8c8,0x00000000f3880000)
  to   space 12288K, 0% used [0x00000000f3a80000,0x00000000f3a80000,0x00000000f4680000)
 ParOldGen       total 96256K, used 27720K [0x00000000c0000000, 0x00000000c5e00000, 0x00000000eab00000)
  object space 96256K, 28% used [0x00000000c0000000,0x00000000c1b12288,0x00000000c5e00000)
 Metaspace       used 57223K, capacity 59091K, committed 59096K, reserved 1099776K
  class space    used 7540K, capacity 8064K, committed 8064K, reserved 1048576K
Event: 25.064 GC heap after
Heap after GC invocations=14 (full 2):
 PSYoungGen      total 138240K, used 10969K [0x00000000eab00000, 0x00000000f4680000, 0x0000000100000000)
  eden space 125952K, 0% used [0x00000000eab00000,0x00000000eab00000,0x00000000f2600000)
  from space 12288K, 89% used [0x00000000f3a80000,0x00000000f4536698,0x00000000f4680000)
  to   space 14336K, 0% used [0x00000000f2a80000,0x00000000f2a80000,0x00000000f3880000)
 ParOldGen       total 96256K, used 34859K [0x00000000c0000000, 0x00000000c5e00000, 0x00000000eab00000)
  object space 96256K, 36% used [0x00000000c0000000,0x00000000c220af10,0x00000000c5e00000)
 Metaspace       used 57223K, capacity 59091K, committed 59096K, reserved 1099776K
  class space    used 7540K, capacity 8064K, committed 8064K, reserved 1048576K
}
Event: 25.064 GC heap before
{Heap before GC invocations=15 (full 3):
 PSYoungGen      total 138240K, used 10969K [0x00000000eab00000, 0x00000000f4680000, 0x0000000100000000)
  eden space 125952K, 0% used [0x00000000eab00000,0x00000000eab00000,0x00000000f2600000)
  from space 12288K, 89% used [0x00000000f3a80000,0x00000000f4536698,0x00000000f4680000)
  to   space 14336K, 0% used [0x00000000f2a80000,0x00000000f2a80000,0x00000000f3880000)
 ParOldGen       total 96256K, used 34859K [0x00000000c0000000, 0x00000000c5e00000, 0x00000000eab00000)
  object space 96256K, 36% used [0x00000000c0000000,0x00000000c220af10,0x00000000c5e00000)
 Metaspace       used 57223K, capacity 59091K, committed 59096K, reserved 1099776K
  class space    used 7540K, capacity 8064K, committed 8064K, reserved 1048576K
Event: 25.435 GC heap after
Heap after GC invocations=15 (full 3):
 PSYoungGen      total 138240K, used 0K [0x00000000eab00000, 0x00000000f4680000, 0x0000000100000000)
  eden space 125952K, 0% used [0x00000000eab00000,0x00000000eab00000,0x00000000f2600000)
  from space 12288K, 0% used [0x00000000f3a80000,0x00000000f3a80000,0x00000000f4680000)
  to   space 14336K, 0% used [0x00000000f2a80000,0x00000000f2a80000,0x00000000f3880000)
 ParOldGen       total 96256K, used 34669K [0x00000000c0000000, 0x00000000c5e00000, 0x00000000eab00000)
  object space 96256K, 36% used [0x00000000c0000000,0x00000000c21db718,0x00000000c5e00000)
 Metaspace       used 57166K, capacity 58949K, committed 59096K, reserved 1099776K
  class space    used 7524K, capacity 8018K, committed 8064K, reserved 1048576K
}
Event: 38.951 GC heap before
{Heap before GC invocations=16 (full 3):
 PSYoungGen      total 138240K, used 125952K [0x00000000eab00000, 0x00000000f4680000, 0x0000000100000000)
  eden space 125952K, 100% used [0x00000000eab00000,0x00000000f2600000,0x00000000f2600000)
  from space 12288K, 0% used [0x00000000f3a80000,0x00000000f3a80000,0x00000000f4680000)
  to   space 14336K, 0% used [0x00000000f2a80000,0x00000000f2a80000,0x00000000f3880000)
 ParOldGen       total 96256K, used 34669K [0x00000000c0000000, 0x00000000c5e00000, 0x00000000eab00000)
  object space 96256K, 36% used [0x00000000c0000000,0x00000000c21db718,0x00000000c5e00000)
 Metaspace       used 61401K, capacity 63719K, committed 63872K, reserved 1103872K
  class space    used 8133K, capacity 8740K, committed 8832K, reserved 1048576K
Event: 38.971 GC heap after
Heap after GC invocations=16 (full 3):
 PSYoungGen      total 140288K, used 10244K [0x00000000eab00000, 0x00000000f4680000, 0x0000000100000000)
  eden space 125952K, 0% used [0x00000000eab00000,0x00000000eab00000,0x00000000f2600000)
  from space 14336K, 71% used [0x00000000f2a80000,0x00000000f34810e0,0x00000000f3880000)
  to   space 12288K, 0% used [0x00000000f3a80000,0x00000000f3a80000,0x00000000f4680000)
 ParOldGen       total 96256K, used 34677K [0x00000000c0000000, 0x00000000c5e00000, 0x00000000eab00000)
  object space 96256K, 36% used [0x00000000c0000000,0x00000000c21dd718,0x00000000c5e00000)
 Metaspace       used 61401K, capacity 63719K, committed 63872K, reserved 1103872K
  class space    used 8133K, capacity 8740K, committed 8832K, reserved 1048576K
}

