# JRE version: OpenJDK Runtime Environment (8.0_242-b01) (build 1.8.0_242-release-1644-b01)
# Java VM: OpenJDK 64-Bit Server VM (25.242-b01 mixed mode windows-amd64 compressed oops)
Heap:
 PSYoungGen      total 138752K, used 99611K [0x00000000eab00000, 0x00000000f4a80000, 0x0000000100000000)
  eden space 124928K, 68% used [0x00000000eab00000,0x00000000efecb9a8,0x00000000f2500000)
  from space 13824K, 99% used [0x00000000f2f80000,0x00000000f3cfb330,0x00000000f3d00000)
  to   space 12288K, 0% used [0x00000000f3e80000,0x00000000f3e80000,0x00000000f4a80000)
 ParOldGen       total 96256K, used 24841K [0x00000000c0000000, 0x00000000c5e00000, 0x00000000eab00000)
  object space 96256K, 25% used [0x00000000c0000000,0x00000000c18425c8,0x00000000c5e00000)
 Metaspace       used 53804K, capacity 56024K, committed 56360K, reserved 1097728K
  class space    used 7289K, capacity 7878K, committed 7976K, reserved 1048576K
GC Heap History (10 events):
Event: 7.062 GC heap before
{Heap before GC invocations=9 (full 1):
 PSYoungGen      total 76800K, used 73034K [0x00000000eab00000, 0x00000000f2500000, 0x0000000100000000)
  eden space 65024K, 100% used [0x00000000eab00000,0x00000000eea80000,0x00000000eea80000)
  from space 11776K, 68% used [0x00000000eea80000,0x00000000ef252b30,0x00000000ef600000)
  to   space 11776K, 0% used [0x00000000f1980000,0x00000000f1980000,0x00000000f2500000)
 ParOldGen       total 60928K, used 9714K [0x00000000c0000000, 0x00000000c3b80000, 0x00000000eab00000)
  object space 60928K, 15% used [0x00000000c0000000,0x00000000c097c960,0x00000000c3b80000)
 Metaspace       used 31940K, capacity 32628K, committed 32768K, reserved 1077248K
  class space    used 4375K, capacity 4605K, committed 4608K, reserved 1048576K
Event: 7.079 GC heap after
Heap after GC invocations=9 (full 1):
 PSYoungGen      total 113152K, used 8242K [0x00000000eab00000, 0x00000000f2500000, 0x0000000100000000)
  eden space 101376K, 0% used [0x00000000eab00000,0x00000000eab00000,0x00000000f0e00000)
  from space 11776K, 69% used [0x00000000f1980000,0x00000000f218c820,0x00000000f2500000)
  to   space 11776K, 0% used [0x00000000f0e00000,0x00000000f0e00000,0x00000000f1980000)
 ParOldGen       total 60928K, used 9722K [0x00000000c0000000, 0x00000000c3b80000, 0x00000000eab00000)
  object space 60928K, 15% used [0x00000000c0000000,0x00000000c097e960,0x00000000c3b80000)
 Metaspace       used 31940K, capacity 32628K, committed 32768K, reserved 1077248K
  class space    used 4375K, capacity 4605K, committed 4608K, reserved 1048576K
}
Event: 8.032 GC heap before
{Heap before GC invocations=10 (full 1):
 PSYoungGen      total 113152K, used 67285K [0x00000000eab00000, 0x00000000f2500000, 0x0000000100000000)
  eden space 101376K, 58% used [0x00000000eab00000,0x00000000ee4a8ec8,0x00000000f0e00000)
  from space 11776K, 69% used [0x00000000f1980000,0x00000000f218c820,0x00000000f2500000)
  to   space 11776K, 0% used [0x00000000f0e00000,0x00000000f0e00000,0x00000000f1980000)
 ParOldGen       total 60928K, used 9722K [0x00000000c0000000, 0x00000000c3b80000, 0x00000000eab00000)
  object space 60928K, 15% used [0x00000000c0000000,0x00000000c097e960,0x00000000c3b80000)
 Metaspace       used 34570K, capacity 35442K, committed 35496K, reserved 1079296K
  class space    used 4734K, capacity 4996K, committed 5032K, reserved 1048576K
Event: 8.067 GC heap after
Heap after GC invocations=10 (full 1):
 PSYoungGen      total 113152K, used 10597K [0x00000000eab00000, 0x00000000f4b00000, 0x0000000100000000)
  eden space 101376K, 0% used [0x00000000eab00000,0x00000000eab00000,0x00000000f0e00000)
  from space 11776K, 89% used [0x00000000f0e00000,0x00000000f1859708,0x00000000f1980000)
  to   space 12800K, 0% used [0x00000000f3e80000,0x00000000f3e80000,0x00000000f4b00000)
 ParOldGen       total 60928K, used 9730K [0x00000000c0000000, 0x00000000c3b80000, 0x00000000eab00000)
  object space 60928K, 15% used [0x00000000c0000000,0x00000000c0980960,0x00000000c3b80000)
 Metaspace       used 34570K, capacity 35442K, committed 35496K, reserved 1079296K
  class space    used 4734K, capacity 4996K, committed 5032K, reserved 1048576K
}
Event: 8.067 GC heap before
{Heap before GC invocations=11 (full 2):
 PSYoungGen      total 113152K, used 10597K [0x00000000eab00000, 0x00000000f4b00000, 0x0000000100000000)
  eden space 101376K, 0% used [0x00000000eab00000,0x00000000eab00000,0x00000000f0e00000)
  from space 11776K, 89% used [0x00000000f0e00000,0x00000000f1859708,0x00000000f1980000)
  to   space 12800K, 0% used [0x00000000f3e80000,0x00000000f3e80000,0x00000000f4b00000)
 ParOldGen       total 60928K, used 9730K [0x00000000c0000000, 0x00000000c3b80000, 0x00000000eab00000)
  object space 60928K, 15% used [0x00000000c0000000,0x00000000c0980960,0x00000000c3b80000)
 Metaspace       used 34570K, capacity 35442K, committed 35496K, reserved 1079296K
  class space    used 4734K, capacity 4996K, committed 5032K, reserved 1048576K
Event: 8.232 GC heap after
Heap after GC invocations=11 (full 2):
 PSYoungGen      total 113152K, used 0K [0x00000000eab00000, 0x00000000f4b00000, 0x0000000100000000)
  eden space 101376K, 0% used [0x00000000eab00000,0x00000000eab00000,0x00000000f0e00000)
  from space 11776K, 0% used [0x00000000f0e00000,0x00000000f0e00000,0x00000000f1980000)
  to   space 12800K, 0% used [0x00000000f3e80000,0x00000000f3e80000,0x00000000f4b00000)
 ParOldGen       total 96256K, used 17570K [0x00000000c0000000, 0x00000000c5e00000, 0x00000000eab00000)
  object space 96256K, 18% used [0x00000000c0000000,0x00000000c1128840,0x00000000c5e00000)
 Metaspace       used 34566K, capacity 35430K, committed 35496K, reserved 1079296K
  class space    used 4733K, capacity 4994K, committed 5032K, reserved 1048576K
}
Event: 10.082 GC heap before
{Heap before GC invocations=12 (full 2):
 PSYoungGen      total 113152K, used 101376K [0x00000000eab00000, 0x00000000f4b00000, 0x0000000100000000)
  eden space 101376K, 100% used [0x00000000eab00000,0x00000000f0e00000,0x00000000f0e00000)
  from space 11776K, 0% used [0x00000000f0e00000,0x00000000f0e00000,0x00000000f1980000)
  to   space 12800K, 0% used [0x00000000f3e80000,0x00000000f3e80000,0x00000000f4b00000)
 ParOldGen       total 96256K, used 17570K [0x00000000c0000000, 0x00000000c5e00000, 0x00000000eab00000)
  object space 96256K, 18% used [0x00000000c0000000,0x00000000c1128840,0x00000000c5e00000)
 Metaspace       used 42709K, capacity 44232K, committed 44456K, reserved 1087488K
  class space    used 5797K, capacity 6199K, committed 6312K, reserved 1048576K
Event: 10.105 GC heap after
Heap after GC invocations=12 (full 2):
 PSYoungGen      total 137216K, used 11854K [0x00000000eab00000, 0x00000000f4a80000, 0x0000000100000000)
  eden space 124928K, 0% used [0x00000000eab00000,0x00000000eab00000,0x00000000f2500000)
  from space 12288K, 96% used [0x00000000f3e80000,0x00000000f4a13880,0x00000000f4a80000)
  to   space 13824K, 0% used [0x00000000f2f80000,0x00000000f2f80000,0x00000000f3d00000)
 ParOldGen       total 96256K, used 17578K [0x00000000c0000000, 0x00000000c5e00000, 0x00000000eab00000)
  object space 96256K, 18% used [0x00000000c0000000,0x00000000c112a840,0x00000000c5e00000)
 Metaspace       used 42709K, capacity 44232K, committed 44456K, reserved 1087488K
  class space    used 5797K, capacity 6199K, committed 6312K, reserved 1048576K
}
Event: 12.623 GC heap before
{Heap before GC invocations=13 (full 2):
 PSYoungGen      total 137216K, used 136782K [0x00000000eab00000, 0x00000000f4a80000, 0x0000000100000000)
  eden space 124928K, 100% used [0x00000000eab00000,0x00000000f2500000,0x00000000f2500000)
  from space 12288K, 96% used [0x00000000f3e80000,0x00000000f4a13880,0x00000000f4a80000)
  to   space 13824K, 0% used [0x00000000f2f80000,0x00000000f2f80000,0x00000000f3d00000)
 ParOldGen       total 96256K, used 17578K [0x00000000c0000000, 0x00000000c5e00000, 0x00000000eab00000)
  object space 96256K, 18% used [0x00000000c0000000,0x00000000c112a840,0x00000000c5e00000)
 Metaspace       used 51887K, capacity 53876K, committed 54056K, reserved 1095680K
  class space    used 7079K, capacity 7623K, committed 7720K, reserved 1048576K
Event: 12.659 GC heap after
Heap after GC invocations=13 (full 2):
 PSYoungGen      total 138752K, used 13804K [0x00000000eab00000, 0x00000000f4a80000, 0x0000000100000000)
  eden space 124928K, 0% used [0x00000000eab00000,0x00000000eab00000,0x00000000f2500000)
  from space 13824K, 99% used [0x00000000f2f80000,0x00000000f3cfb330,0x00000000f3d00000)
  to   space 12288K, 0% used [0x00000000f3e80000,0x00000000f3e80000,0x00000000f4a80000)
 ParOldGen       total 96256K, used 24841K [0x00000000c0000000, 0x00000000c5e00000, 0x00000000eab00000)
  object space 96256K, 25% used [0x00000000c0000000,0x00000000c18425c8,0x00000000c5e00000)
 Metaspace       used 51887K, capacity 53876K, committed 54056K, reserved 1095680K
  class space    used 7079K, capacity 7623K, committed 7720K, reserved 1048576K
}

