# JRE version: OpenJDK Runtime Environment (8.0_242-b01) (build 1.8.0_242-release-1644-b01)
# Java VM: OpenJDK 64-Bit Server VM (25.242-b01 mixed mode windows-amd64 compressed oops)
Heap:
 PSYoungGen      total 144896K, used 27106K [0x00000000eab00000, 0x00000000f4e00000, 0x0000000100000000)
  eden space 132096K, 11% used [0x00000000eab00000,0x00000000eb964108,0x00000000f2c00000)
  from space 12800K, 96% used [0x00000000f4180000,0x00000000f4d94788,0x00000000f4e00000)
  to   space 14336K, 0% used [0x00000000f3200000,0x00000000f3200000,0x00000000f4000000)
 ParOldGen       total 92672K, used 17817K [0x00000000c0000000, 0x00000000c5a80000, 0x00000000eab00000)
  object space 92672K, 19% used [0x00000000c0000000,0x00000000c1166558,0x00000000c5a80000)
 Metaspace       used 43581K, capacity 44972K, committed 45224K, reserved 1087488K
  class space    used 5894K, capacity 6295K, committed 6312K, reserved 1048576K
GC Heap History (10 events):
Event: 6.026 GC heap before
{Heap before GC invocations=8 (full 1):
 PSYoungGen      total 75264K, used 65019K [0x00000000eab00000, 0x00000000f0300000, 0x0000000100000000)
  eden space 65024K, 99% used [0x00000000eab00000,0x00000000eea7eeb0,0x00000000eea80000)
  from space 10240K, 0% used [0x00000000ef600000,0x00000000ef600000,0x00000000f0000000)
  to   space 11776K, 0% used [0x00000000eea80000,0x00000000eea80000,0x00000000ef600000)
 ParOldGen       total 59904K, used 9744K [0x00000000c0000000, 0x00000000c3a80000, 0x00000000eab00000)
  object space 59904K, 16% used [0x00000000c0000000,0x00000000c0984030,0x00000000c3a80000)
 Metaspace       used 29162K, capacity 29776K, committed 30080K, reserved 1075200K
  class space    used 3928K, capacity 4145K, committed 4224K, reserved 1048576K
Event: 6.037 GC heap after
Heap after GC invocations=8 (full 1):
 PSYoungGen      total 76800K, used 7948K [0x00000000eab00000, 0x00000000f2700000, 0x0000000100000000)
  eden space 65024K, 0% used [0x00000000eab00000,0x00000000eab00000,0x00000000eea80000)
  from space 11776K, 67% used [0x00000000eea80000,0x00000000ef243340,0x00000000ef600000)
  to   space 11776K, 0% used [0x00000000f1b80000,0x00000000f1b80000,0x00000000f2700000)
 ParOldGen       total 59904K, used 9752K [0x00000000c0000000, 0x00000000c3a80000, 0x00000000eab00000)
  object space 59904K, 16% used [0x00000000c0000000,0x00000000c0986030,0x00000000c3a80000)
 Metaspace       used 29162K, capacity 29776K, committed 30080K, reserved 1075200K
  class space    used 3928K, capacity 4145K, committed 4224K, reserved 1048576K
}
Event: 6.809 GC heap before
{Heap before GC invocations=9 (full 1):
 PSYoungGen      total 76800K, used 72972K [0x00000000eab00000, 0x00000000f2700000, 0x0000000100000000)
  eden space 65024K, 100% used [0x00000000eab00000,0x00000000eea80000,0x00000000eea80000)
  from space 11776K, 67% used [0x00000000eea80000,0x00000000ef243340,0x00000000ef600000)
  to   space 11776K, 0% used [0x00000000f1b80000,0x00000000f1b80000,0x00000000f2700000)
 ParOldGen       total 59904K, used 9752K [0x00000000c0000000, 0x00000000c3a80000, 0x00000000eab00000)
  object space 59904K, 16% used [0x00000000c0000000,0x00000000c0986030,0x00000000c3a80000)
 Metaspace       used 31929K, capacity 32628K, committed 32768K, reserved 1077248K
  class space    used 4374K, capacity 4605K, committed 4608K, reserved 1048576K
Event: 6.825 GC heap after
Heap after GC invocations=9 (full 1):
 PSYoungGen      total 115200K, used 8276K [0x00000000eab00000, 0x00000000f2800000, 0x0000000100000000)
  eden space 103424K, 0% used [0x00000000eab00000,0x00000000eab00000,0x00000000f1000000)
  from space 11776K, 70% used [0x00000000f1b80000,0x00000000f2395388,0x00000000f2700000)
  to   space 11776K, 0% used [0x00000000f1000000,0x00000000f1000000,0x00000000f1b80000)
 ParOldGen       total 59904K, used 9752K [0x00000000c0000000, 0x00000000c3a80000, 0x00000000eab00000)
  object space 59904K, 16% used [0x00000000c0000000,0x00000000c0986030,0x00000000c3a80000)
 Metaspace       used 31929K, capacity 32628K, committed 32768K, reserved 1077248K
  class space    used 4374K, capacity 4605K, committed 4608K, reserved 1048576K
}
Event: 7.736 GC heap before
{Heap before GC invocations=10 (full 1):
 PSYoungGen      total 115200K, used 67593K [0x00000000eab00000, 0x00000000f2800000, 0x0000000100000000)
  eden space 103424K, 57% used [0x00000000eab00000,0x00000000ee4ed1b8,0x00000000f1000000)
  from space 11776K, 70% used [0x00000000f1b80000,0x00000000f2395388,0x00000000f2700000)
  to   space 11776K, 0% used [0x00000000f1000000,0x00000000f1000000,0x00000000f1b80000)
 ParOldGen       total 59904K, used 9752K [0x00000000c0000000, 0x00000000c3a80000, 0x00000000eab00000)
  object space 59904K, 16% used [0x00000000c0000000,0x00000000c0986030,0x00000000c3a80000)
 Metaspace       used 34543K, capacity 35400K, committed 35496K, reserved 1079296K
  class space    used 4735K, capacity 4999K, committed 5032K, reserved 1048576K
Event: 7.753 GC heap after
Heap after GC invocations=10 (full 1):
 PSYoungGen      total 115200K, used 10966K [0x00000000eab00000, 0x00000000f4e00000, 0x0000000100000000)
  eden space 103424K, 0% used [0x00000000eab00000,0x00000000eab00000,0x00000000f1000000)
  from space 11776K, 93% used [0x00000000f1000000,0x00000000f1ab5ac0,0x00000000f1b80000)
  to   space 12800K, 0% used [0x00000000f4180000,0x00000000f4180000,0x00000000f4e00000)
 ParOldGen       total 59904K, used 9760K [0x00000000c0000000, 0x00000000c3a80000, 0x00000000eab00000)
  object space 59904K, 16% used [0x00000000c0000000,0x00000000c0988030,0x00000000c3a80000)
 Metaspace       used 34543K, capacity 35400K, committed 35496K, reserved 1079296K
  class space    used 4735K, capacity 4999K, committed 5032K, reserved 1048576K
}
Event: 7.753 GC heap before
{Heap before GC invocations=11 (full 2):
 PSYoungGen      total 115200K, used 10966K [0x00000000eab00000, 0x00000000f4e00000, 0x0000000100000000)
  eden space 103424K, 0% used [0x00000000eab00000,0x00000000eab00000,0x00000000f1000000)
  from space 11776K, 93% used [0x00000000f1000000,0x00000000f1ab5ac0,0x00000000f1b80000)
  to   space 12800K, 0% used [0x00000000f4180000,0x00000000f4180000,0x00000000f4e00000)
 ParOldGen       total 59904K, used 9760K [0x00000000c0000000, 0x00000000c3a80000, 0x00000000eab00000)
  object space 59904K, 16% used [0x00000000c0000000,0x00000000c0988030,0x00000000c3a80000)
 Metaspace       used 34543K, capacity 35400K, committed 35496K, reserved 1079296K
  class space    used 4735K, capacity 4999K, committed 5032K, reserved 1048576K
Event: 7.844 GC heap after
Heap after GC invocations=11 (full 2):
 PSYoungGen      total 115200K, used 0K [0x00000000eab00000, 0x00000000f4e00000, 0x0000000100000000)
  eden space 103424K, 0% used [0x00000000eab00000,0x00000000eab00000,0x00000000f1000000)
  from space 11776K, 0% used [0x00000000f1000000,0x00000000f1000000,0x00000000f1b80000)
  to   space 12800K, 0% used [0x00000000f4180000,0x00000000f4180000,0x00000000f4e00000)
 ParOldGen       total 92672K, used 17809K [0x00000000c0000000, 0x00000000c5a80000, 0x00000000eab00000)
  object space 92672K, 19% used [0x00000000c0000000,0x00000000c1164558,0x00000000c5a80000)
 Metaspace       used 34534K, capacity 35370K, committed 35496K, reserved 1079296K
  class space    used 4733K, capacity 4994K, committed 5032K, reserved 1048576K
}
Event: 9.662 GC heap before
{Heap before GC invocations=12 (full 2):
 PSYoungGen      total 115200K, used 103424K [0x00000000eab00000, 0x00000000f4e00000, 0x0000000100000000)
  eden space 103424K, 100% used [0x00000000eab00000,0x00000000f1000000,0x00000000f1000000)
  from space 11776K, 0% used [0x00000000f1000000,0x00000000f1000000,0x00000000f1b80000)
  to   space 12800K, 0% used [0x00000000f4180000,0x00000000f4180000,0x00000000f4e00000)
 ParOldGen       total 92672K, used 17809K [0x00000000c0000000, 0x00000000c5a80000, 0x00000000eab00000)
  object space 92672K, 19% used [0x00000000c0000000,0x00000000c1164558,0x00000000c5a80000)
 Metaspace       used 43235K, capacity 44588K, committed 44712K, reserved 1087488K
  class space    used 5852K, capacity 6231K, committed 6312K, reserved 1048576K
Event: 9.697 GC heap after
Heap after GC invocations=12 (full 2):
 PSYoungGen      total 144896K, used 12369K [0x00000000eab00000, 0x00000000f4e00000, 0x0000000100000000)
  eden space 132096K, 0% used [0x00000000eab00000,0x00000000eab00000,0x00000000f2c00000)
  from space 12800K, 96% used [0x00000000f4180000,0x00000000f4d94788,0x00000000f4e00000)
  to   space 14336K, 0% used [0x00000000f3200000,0x00000000f3200000,0x00000000f4000000)
 ParOldGen       total 92672K, used 17817K [0x00000000c0000000, 0x00000000c5a80000, 0x00000000eab00000)
  object space 92672K, 19% used [0x00000000c0000000,0x00000000c1166558,0x00000000c5a80000)
 Metaspace       used 43235K, capacity 44588K, committed 44712K, reserved 1087488K
  class space    used 5852K, capacity 6231K, committed 6312K, reserved 1048576K
}

