# JRE version: OpenJDK Runtime Environment (8.0_242-b01) (build 1.8.0_242-release-1644-b01)
# Java VM: OpenJDK 64-Bit Server VM (25.242-b01 mixed mode windows-amd64 compressed oops)
Heap:
 PSYoungGen      total 194048K, used 112700K [0x00000000eab00000, 0x00000000f7d00000, 0x0000000100000000)
  eden space 180736K, 55% used [0x00000000eab00000,0x00000000f0c18ef8,0x00000000f5b80000)
  from space 13312K, 99% used [0x00000000f7000000,0x00000000f7cf64f8,0x00000000f7d00000)
  to   space 15360K, 0% used [0x00000000f5f00000,0x00000000f5f00000,0x00000000f6e00000)
 ParOldGen       total 48128K, used 21177K [0x00000000c0000000, 0x00000000c2f00000, 0x00000000eab00000)
  object space 48128K, 44% used [0x00000000c0000000,0x00000000c14ae798,0x00000000c2f00000)
 Metaspace       used 49645K, capacity 51510K, committed 51752K, reserved 1093632K
  class space    used 6671K, capacity 7156K, committed 7208K, reserved 1048576K
GC Heap History (10 events):
Event: 6.176 GC heap before
{Heap before GC invocations=8 (full 1):
 PSYoungGen      total 76800K, used 4868K [0x00000000eab00000, 0x00000000f4000000, 0x0000000100000000)
  eden space 65024K, 0% used [0x00000000eab00000,0x00000000eab00000,0x00000000eea80000)
  from space 11776K, 41% used [0x00000000eea80000,0x00000000eef41050,0x00000000ef600000)
  to   space 11264K, 0% used [0x00000000f3500000,0x00000000f3500000,0x00000000f4000000)
 ParOldGen       total 87552K, used 9194K [0x00000000c0000000, 0x00000000c5580000, 0x00000000eab00000)
  object space 87552K, 10% used [0x00000000c0000000,0x00000000c08fa908,0x00000000c5580000)
 Metaspace       used 20651K, capacity 21212K, committed 21296K, reserved 1067008K
  class space    used 2982K, capacity 3175K, committed 3200K, reserved 1048576K
Event: 6.244 GC heap after
Heap after GC invocations=8 (full 1):
 PSYoungGen      total 76800K, used 0K [0x00000000eab00000, 0x00000000f4000000, 0x0000000100000000)
  eden space 65024K, 0% used [0x00000000eab00000,0x00000000eab00000,0x00000000eea80000)
  from space 11776K, 0% used [0x00000000eea80000,0x00000000eea80000,0x00000000ef600000)
  to   space 11264K, 0% used [0x00000000f3500000,0x00000000f3500000,0x00000000f4000000)
 ParOldGen       total 48128K, used 7673K [0x00000000c0000000, 0x00000000c2f00000, 0x00000000eab00000)
  object space 48128K, 15% used [0x00000000c0000000,0x00000000c077e688,0x00000000c2f00000)
 Metaspace       used 20651K, capacity 21212K, committed 21296K, reserved 1067008K
  class space    used 2982K, capacity 3175K, committed 3200K, reserved 1048576K
}
Event: 7.424 GC heap before
{Heap before GC invocations=9 (full 1):
 PSYoungGen      total 76800K, used 65024K [0x00000000eab00000, 0x00000000f4000000, 0x0000000100000000)
  eden space 65024K, 100% used [0x00000000eab00000,0x00000000eea80000,0x00000000eea80000)
  from space 11776K, 0% used [0x00000000eea80000,0x00000000eea80000,0x00000000ef600000)
  to   space 11264K, 0% used [0x00000000f3500000,0x00000000f3500000,0x00000000f4000000)
 ParOldGen       total 48128K, used 7673K [0x00000000c0000000, 0x00000000c2f00000, 0x00000000eab00000)
  object space 48128K, 15% used [0x00000000c0000000,0x00000000c077e688,0x00000000c2f00000)
 Metaspace       used 28286K, capacity 28926K, committed 29184K, reserved 1075200K
  class space    used 3861K, capacity 4080K, committed 4096K, reserved 1048576K
Event: 7.435 GC heap after
Heap after GC invocations=9 (full 1):
 PSYoungGen      total 131072K, used 7653K [0x00000000eab00000, 0x00000000f3c80000, 0x0000000100000000)
  eden space 123392K, 0% used [0x00000000eab00000,0x00000000eab00000,0x00000000f2380000)
  from space 7680K, 99% used [0x00000000f3500000,0x00000000f3c79768,0x00000000f3c80000)
  to   space 11264K, 0% used [0x00000000f2680000,0x00000000f2680000,0x00000000f3180000)
 ParOldGen       total 48128K, used 7681K [0x00000000c0000000, 0x00000000c2f00000, 0x00000000eab00000)
  object space 48128K, 15% used [0x00000000c0000000,0x00000000c0780688,0x00000000c2f00000)
 Metaspace       used 28286K, capacity 28926K, committed 29184K, reserved 1075200K
  class space    used 3861K, capacity 4080K, committed 4096K, reserved 1048576K
}
Event: 9.740 GC heap before
{Heap before GC invocations=10 (full 1):
 PSYoungGen      total 131072K, used 130550K [0x00000000eab00000, 0x00000000f3c80000, 0x0000000100000000)
  eden space 123392K, 99% used [0x00000000eab00000,0x00000000f23043c8,0x00000000f2380000)
  from space 7680K, 99% used [0x00000000f3500000,0x00000000f3c79768,0x00000000f3c80000)
  to   space 11264K, 0% used [0x00000000f2680000,0x00000000f2680000,0x00000000f3180000)
 ParOldGen       total 48128K, used 7681K [0x00000000c0000000, 0x00000000c2f00000, 0x00000000eab00000)
  object space 48128K, 15% used [0x00000000c0000000,0x00000000c0780688,0x00000000c2f00000)
 Metaspace       used 34568K, capacity 35486K, committed 35496K, reserved 1079296K
  class space    used 4754K, capacity 5031K, committed 5032K, reserved 1048576K
Event: 9.770 GC heap after
Heap after GC invocations=10 (full 1):
 PSYoungGen      total 137728K, used 11263K [0x00000000eab00000, 0x00000000f7d80000, 0x0000000100000000)
  eden space 126464K, 0% used [0x00000000eab00000,0x00000000eab00000,0x00000000f2680000)
  from space 11264K, 99% used [0x00000000f2680000,0x00000000f317ff78,0x00000000f3180000)
  to   space 13824K, 0% used [0x00000000f7000000,0x00000000f7000000,0x00000000f7d80000)
 ParOldGen       total 48128K, used 10355K [0x00000000c0000000, 0x00000000c2f00000, 0x00000000eab00000)
  object space 48128K, 21% used [0x00000000c0000000,0x00000000c0a1cde8,0x00000000c2f00000)
 Metaspace       used 34568K, capacity 35486K, committed 35496K, reserved 1079296K
  class space    used 4754K, capacity 5031K, committed 5032K, reserved 1048576K
}
Event: 9.770 GC heap before
{Heap before GC invocations=11 (full 2):
 PSYoungGen      total 137728K, used 11263K [0x00000000eab00000, 0x00000000f7d80000, 0x0000000100000000)
  eden space 126464K, 0% used [0x00000000eab00000,0x00000000eab00000,0x00000000f2680000)
  from space 11264K, 99% used [0x00000000f2680000,0x00000000f317ff78,0x00000000f3180000)
  to   space 13824K, 0% used [0x00000000f7000000,0x00000000f7000000,0x00000000f7d80000)
 ParOldGen       total 48128K, used 10355K [0x00000000c0000000, 0x00000000c2f00000, 0x00000000eab00000)
  object space 48128K, 21% used [0x00000000c0000000,0x00000000c0a1cde8,0x00000000c2f00000)
 Metaspace       used 34568K, capacity 35486K, committed 35496K, reserved 1079296K
  class space    used 4754K, capacity 5031K, committed 5032K, reserved 1048576K
Event: 9.896 GC heap after
Heap after GC invocations=11 (full 2):
 PSYoungGen      total 137728K, used 0K [0x00000000eab00000, 0x00000000f7d80000, 0x0000000100000000)
  eden space 126464K, 0% used [0x00000000eab00000,0x00000000eab00000,0x00000000f2680000)
  from space 11264K, 0% used [0x00000000f2680000,0x00000000f2680000,0x00000000f3180000)
  to   space 13824K, 0% used [0x00000000f7000000,0x00000000f7000000,0x00000000f7d80000)
 ParOldGen       total 48128K, used 21169K [0x00000000c0000000, 0x00000000c2f00000, 0x00000000eab00000)
  object space 48128K, 43% used [0x00000000c0000000,0x00000000c14ac798,0x00000000c2f00000)
 Metaspace       used 34568K, capacity 35486K, committed 35496K, reserved 1079296K
  class space    used 4754K, capacity 5031K, committed 5032K, reserved 1048576K
}
Event: 11.891 GC heap before
{Heap before GC invocations=12 (full 2):
 PSYoungGen      total 137728K, used 126464K [0x00000000eab00000, 0x00000000f7d80000, 0x0000000100000000)
  eden space 126464K, 100% used [0x00000000eab00000,0x00000000f2680000,0x00000000f2680000)
  from space 11264K, 0% used [0x00000000f2680000,0x00000000f2680000,0x00000000f3180000)
  to   space 13824K, 0% used [0x00000000f7000000,0x00000000f7000000,0x00000000f7d80000)
 ParOldGen       total 48128K, used 21169K [0x00000000c0000000, 0x00000000c2f00000, 0x00000000eab00000)
  object space 48128K, 43% used [0x00000000c0000000,0x00000000c14ac798,0x00000000c2f00000)
 Metaspace       used 43450K, capacity 45148K, committed 45352K, reserved 1087488K
  class space    used 5902K, capacity 6330K, committed 6440K, reserved 1048576K
Event: 11.912 GC heap after
Heap after GC invocations=12 (full 2):
 PSYoungGen      total 194048K, used 13273K [0x00000000eab00000, 0x00000000f7d00000, 0x0000000100000000)
  eden space 180736K, 0% used [0x00000000eab00000,0x00000000eab00000,0x00000000f5b80000)
  from space 13312K, 99% used [0x00000000f7000000,0x00000000f7cf64f8,0x00000000f7d00000)
  to   space 15360K, 0% used [0x00000000f5f00000,0x00000000f5f00000,0x00000000f6e00000)
 ParOldGen       total 48128K, used 21177K [0x00000000c0000000, 0x00000000c2f00000, 0x00000000eab00000)
  object space 48128K, 44% used [0x00000000c0000000,0x00000000c14ae798,0x00000000c2f00000)
 Metaspace       used 43450K, capacity 45148K, committed 45352K, reserved 1087488K
  class space    used 5902K, capacity 6330K, committed 6440K, reserved 1048576K
}

